<?xml version="1.0" encoding="UTF-8"?>
<!-- Generated by org.testng.reporters.JUnitReportReporter -->
<testsuite hostname="HCL-PC" name="tests.TestProductDetail" tests="1" failures="0" timestamp="1 Dec 2016 19:31:51 GMT" time="29.480" errors="0">
  <testcase name="testAddToCart" time="29.480" classname="tests.TestProductDetail"/>
</testsuite> <!-- tests.TestProductDetail -->
