<?xml version="1.0" encoding="UTF-8"?>
<!-- Generated by org.testng.reporters.JUnitReportReporter -->
<testsuite hostname="HCL-PC" name="tests.TestAPHomePage" tests="1" failures="0" timestamp="2 Dec 2016 04:01:50 GMT" time="3.000" errors="0">
  <testcase name="testHomePage" time="3.000" classname="tests.TestAPHomePage"/>
</testsuite> <!-- tests.TestAPHomePage -->
