<?xml version="1.0" encoding="UTF-8"?>
<!-- Generated by org.testng.reporters.JUnitReportReporter -->
<testsuite hostname="HCL-PC" name="tests.TestCategoryFunction" tests="1" failures="0" timestamp="2 Dec 2016 04:01:50 GMT" time="11.991" errors="0">
  <testcase name="testCategories" time="11.991" classname="tests.TestCategoryFunction"/>
</testsuite> <!-- tests.TestCategoryFunction -->
