<?xml version="1.0" encoding="UTF-8"?>
<!-- Generated by org.testng.reporters.JUnitReportReporter -->
<testsuite hostname="HCL-PC" name="tests.TestForgotPasswordPage" tests="4" failures="0" timestamp="2 Dec 2016 04:01:50 GMT" time="16.215" errors="0">
  <testcase name="testForgotPasswordPage" time="2.941" classname="tests.TestForgotPasswordPage"/>
  <testcase name="testForgotPasswordPage" time="2.831" classname="tests.TestForgotPasswordPage"/>
  <testcase name="testForgotPasswordPage" time="4.656" classname="tests.TestForgotPasswordPage"/>
  <testcase name="testForgotPasswordPage" time="5.787" classname="tests.TestForgotPasswordPage"/>
</testsuite> <!-- tests.TestForgotPasswordPage -->
