<?xml version="1.0" encoding="UTF-8"?>
<!-- Generated by org.testng.reporters.JUnitReportReporter -->
<testsuite hostname="HCL-PC" name="tests.TestCheckOut" tests="1" failures="0" timestamp="2 Dec 2016 04:01:50 GMT" time="48.898" errors="0">
  <testcase name="testCheckOut" time="48.898" classname="tests.TestCheckOut"/>
</testsuite> <!-- tests.TestCheckOut -->
