<?xml version="1.0" encoding="UTF-8"?>
<!-- Generated by org.testng.reporters.JUnitReportReporter -->
<testsuite hostname="HCL-PC" name="tests.TestAPLoginPage" tests="8" failures="0" timestamp="2 Dec 2016 04:01:50 GMT" time="54.548" errors="0">
  <testcase name="testLoginPage" time="6.870" classname="tests.TestAPLoginPage"/>
  <testcase name="testSignUpEmail" time="7.242" classname="tests.TestAPLoginPage"/>
  <testcase name="testLoginPage" time="13.066" classname="tests.TestAPLoginPage"/>
  <testcase name="testLoginPage" time="4.615" classname="tests.TestAPLoginPage"/>
  <testcase name="testSignUpEmail" time="5.494" classname="tests.TestAPLoginPage"/>
  <testcase name="testSignUpEmail" time="6.068" classname="tests.TestAPLoginPage"/>
  <testcase name="testLoginPage" time="4.247" classname="tests.TestAPLoginPage"/>
  <testcase name="testSignUpEmail" time="6.946" classname="tests.TestAPLoginPage"/>
</testsuite> <!-- tests.TestAPLoginPage -->
