<?xml version="1.0" encoding="UTF-8"?>
<!-- Generated by org.testng.reporters.JUnitReportReporter -->
<testsuite hostname="HCL-PC" name="tests.TestProdCartDetail" tests="1" failures="0" timestamp="2 Dec 2016 04:01:50 GMT" time="30.414" errors="0">
  <testcase name="testAddToCart" time="30.414" classname="tests.TestProdCartDetail"/>
</testsuite> <!-- tests.TestProdCartDetail -->
