<?xml version="1.0" encoding="UTF-8"?>
<!-- Generated by org.testng.reporters.JUnitReportReporter -->
<testsuite hostname="HCL-PC" name="tests.TestAPSearchFunction" tests="3" failures="0" timestamp="2 Dec 2016 04:01:50 GMT" time="14.347" errors="0">
  <testcase name="testSearchFunction" time="5.301" classname="tests.TestAPSearchFunction"/>
  <testcase name="testSearchFunction" time="5.951" classname="tests.TestAPSearchFunction"/>
  <testcase name="testSearchFunction" time="3.095" classname="tests.TestAPSearchFunction"/>
</testsuite> <!-- tests.TestAPSearchFunction -->
